<?xml version="1.0" encoding="UTF-8"?>
<!-- Generated by org.testng.reporters.JUnitReportReporter -->
<testsuite hostname="Acer_qa_aspire" failures="0" tests="1" name="StepDefinitions.CucumberTestRunner" time="0.146" errors="1" timestamp="2024-01-07T22:45:17 IST" skipped="0">
  <testcase classname="StepDefinitions.CucumberTestRunner" name="runScenario" time="0.146">
    <error message="The path to the driver executable must be set by the webdriver.chrome.driver system property; for more information, see https://github.com/SeleniumHQ/selenium/wiki/ChromeDriver. The latest version can be downloaded from http://chromedriver.storage.googleapis.com/index.html" type="java.lang.IllegalStateException">
      <![CDATA[java.lang.IllegalStateException: The path to the driver executable must be set by the webdriver.chrome.driver system property; for more information, see https://github.com/SeleniumHQ/selenium/wiki/ChromeDriver. The latest version can be downloaded from http://chromedriver.storage.googleapis.com/index.html
at com.google.common.base.Preconditions.checkState(Preconditions.java:754)
at org.openqa.selenium.remote.service.DriverService.findExecutable(DriverService.java:124)
at org.openqa.selenium.chrome.ChromeDriverService.access$000(ChromeDriverService.java:32)
at org.openqa.selenium.chrome.ChromeDriverService$Builder.findDefaultExecutable(ChromeDriverService.java:137)
at org.openqa.selenium.remote.service.DriverService$Builder.build(DriverService.java:329)
at org.openqa.selenium.chrome.ChromeDriverService.createDefaultService(ChromeDriverService.java:88)
at org.openqa.selenium.chrome.ChromeDriver.<init>(ChromeDriver.java:123)
at StepDefinitions.PagefactoryLoginStepsDefinition.when_user_at_login_page(PagefactoryLoginStepsDefinition.java:25)
at âœ½.when user at login page(file:///C:/Users/sures/Cucumber-workspace-30%20dec%202023/BDDFramework/src/test/resources/Features/login2.feature:25)
]]>
    </error>
  </testcase> <!-- runScenario -->
</testsuite> <!-- StepDefinitions.CucumberTestRunner -->
